Build started 2/13/2016 3:12:45 PM.
     1>Project "C:\Users\maxko\OneDrive\Documents\SVN\Homework 5\Homework 5\Homework 5.vcxproj" on node 2 (Build target(s)).
     1>ClCompile:
         C:\Program Files (x86)\Microsoft Visual Studio 12.0\VC\bin\CL.exe /c /ZI /nologo /W4 /WX- /sdl /Od /Oy- /D _MBCS /D _MBCS /D _CRT_SECURE_NO_WARNINGS /Gm /EHsc /RTC1 /MDd /GS /fp:precise /Za /Zc:wchar_t /Zc:forScope /Fo"Debug\\" /Fd"Debug\vc120.pdb" /Gd /TP /analyze- /errorReport:prompt BearHelper.cpp ExpandableArray.cpp main.cpp
         main.cpp
     1>c:\users\maxko\onedrive\documents\svn\homework 5\homework 5\main.cpp(27): warning C4127: conditional expression is constant
     1>c:\users\maxko\onedrive\documents\svn\homework 5\homework 5\main.cpp(19): warning C4100: 'argv' : unreferenced formal parameter
     1>c:\users\maxko\onedrive\documents\svn\homework 5\homework 5\main.cpp(19): warning C4100: 'argc' : unreferenced formal parameter
         ExpandableArray.cpp
         BearHelper.cpp
     1>c:\users\maxko\onedrive\documents\svn\homework 5\homework 5\bearhelper.cpp(22): warning C4244: '=' : conversion from 'int' to 'char', possible loss of data
     1>c:\users\maxko\onedrive\documents\svn\homework 5\homework 5\bearhelper.cpp(62): warning C4018: '<' : signed/unsigned mismatch
     1>c:\users\maxko\onedrive\documents\svn\homework 5\homework 5\bearhelper.cpp(66): warning C4018: '<' : signed/unsigned mismatch
     1>c:\users\maxko\onedrive\documents\svn\homework 5\homework 5\bearhelper.cpp(80): warning C4100: 'available' : unreferenced formal parameter
         Generating Code...
       Link:
         C:\Program Files (x86)\Microsoft Visual Studio 12.0\VC\bin\link.exe /ERRORREPORT:PROMPT /OUT:"C:\Users\maxko\OneDrive\Documents\SVN\Homework 5\Debug\Homework 5.exe" /INCREMENTAL /NOLOGO kernel32.lib user32.lib gdi32.lib winspool.lib comdlg32.lib advapi32.lib shell32.lib ole32.lib oleaut32.lib uuid.lib odbc32.lib odbccp32.lib /MANIFEST /MANIFESTUAC:"level='asInvoker' uiAccess='false'" /manifest:embed /DEBUG /PDB:"C:\Users\maxko\OneDrive\Documents\SVN\Homework 5\Debug\Homework 5.pdb" /SUBSYSTEM:CONSOLE /TLBID:1 /DYNAMICBASE /NXCOMPAT /IMPLIB:"C:\Users\maxko\OneDrive\Documents\SVN\Homework 5\Debug\Homework 5.lib" /MACHINE:X86 Debug\BearHelper.obj
         Debug\ExpandableArray.obj
         Debug\main.obj
         Homework 5.vcxproj -> C:\Users\maxko\OneDrive\Documents\SVN\Homework 5\Debug\Homework 5.exe
     1>Done Building Project "C:\Users\maxko\OneDrive\Documents\SVN\Homework 5\Homework 5\Homework 5.vcxproj" (Build target(s)).

Build succeeded.

Time Elapsed 00:00:04.55
