Build started 2/24/2016 11:04:23 PM.
     1>Project "C:\Users\maxko\OneDrive\Documents\SVN\Homework 7\Homework 7\Homework 7.vcxproj" on node 2 (Build target(s)).
     1>ClCompile:
         C:\Program Files (x86)\Microsoft Visual Studio 12.0\VC\bin\CL.exe /c /ZI /nologo /W4 /WX- /sdl /Od /Oy- /D _MBCS /D _MBCS /D _CRT_SECURE_NO_WARNINGS /Gm /EHsc /RTC1 /MDd /GS /fp:precise /Za /Zc:wchar_t /Zc:forScope /Fo"Debug\\" /Fd"Debug\vc120.pdb" /Gd /TP /analyze- /errorReport:prompt BitMap.cpp
         BitMap.cpp
     1>c:\users\maxko\onedrive\documents\svn\homework 7\homework 7\bitmap.cpp(76): warning C4018: '<' : signed/unsigned mismatch
     1>c:\users\maxko\onedrive\documents\svn\homework 7\homework 7\bitmap.cpp(87): warning C4018: '<' : signed/unsigned mismatch
     1>c:\users\maxko\onedrive\documents\svn\homework 7\homework 7\bitmap.cpp(90): warning C4018: '<' : signed/unsigned mismatch
     1>c:\users\maxko\onedrive\documents\svn\homework 7\homework 7\bitmap.cpp(119): warning C4018: '<' : signed/unsigned mismatch
     1>c:\users\maxko\onedrive\documents\svn\homework 7\homework 7\bitmap.cpp(132): warning C4018: '<' : signed/unsigned mismatch
     1>c:\users\maxko\onedrive\documents\svn\homework 7\homework 7\bitmap.cpp(160): warning C4018: '<' : signed/unsigned mismatch
     1>c:\users\maxko\onedrive\documents\svn\homework 7\homework 7\bitmap.cpp(184): warning C4018: '<' : signed/unsigned mismatch
     1>c:\users\maxko\onedrive\documents\svn\homework 7\homework 7\bitmap.cpp(213): warning C4189: 'work' : local variable is initialized but not referenced
     1>c:\users\maxko\onedrive\documents\svn\homework 7\homework 7\bitmap.cpp(277): warning C4244: 'initializing' : conversion from 'double' to 'int', possible loss of data
       Link:
         C:\Program Files (x86)\Microsoft Visual Studio 12.0\VC\bin\link.exe /ERRORREPORT:PROMPT /OUT:"C:\Users\maxko\OneDrive\Documents\SVN\Homework 7\Debug\Homework 7.exe" /INCREMENTAL /NOLOGO kernel32.lib user32.lib gdi32.lib winspool.lib comdlg32.lib advapi32.lib shell32.lib ole32.lib oleaut32.lib uuid.lib odbc32.lib odbccp32.lib /MANIFEST /MANIFESTUAC:"level='asInvoker' uiAccess='false'" /manifest:embed /DEBUG /PDB:"C:\Users\maxko\OneDrive\Documents\SVN\Homework 7\Debug\Homework 7.pdb" /SUBSYSTEM:CONSOLE /TLBID:1 /DYNAMICBASE /NXCOMPAT /IMPLIB:"C:\Users\maxko\OneDrive\Documents\SVN\Homework 7\Debug\Homework 7.lib" /MACHINE:X86 Debug\BitMap.obj
         Debug\main.obj
         Homework 7.vcxproj -> C:\Users\maxko\OneDrive\Documents\SVN\Homework 7\Debug\Homework 7.exe
     1>Done Building Project "C:\Users\maxko\OneDrive\Documents\SVN\Homework 7\Homework 7\Homework 7.vcxproj" (Build target(s)).

Build succeeded.

Time Elapsed 00:00:01.44
