Build started 2/16/2016 11:43:01 PM.
     1>Project "C:\Users\maxko\OneDrive\Documents\SVN\HW3\HW3\HW3.vcxproj" on node 2 (Build target(s)).
     1>ClCompile:
         C:\Program Files (x86)\Microsoft Visual Studio 12.0\VC\bin\CL.exe /c /ZI /nologo /W4 /WX- /sdl /Od /Oy- /D _MBCS /D _MBCS /D _CRT_SECURE_NO_WARNINGS /Gm /EHsc /RTC1 /MDd /GS /fp:precise /Za /Zc:wchar_t /Zc:forScope /Fo"Debug\\" /Fd"Debug\vc120.pdb" /Gd /TP /analyze- /errorReport:prompt BitMap.cpp
         BitMap.cpp
     1>c:\users\maxko\onedrive\documents\svn\hw3\hw3\bitmap.cpp(9): warning C4005: '_CRT_SECURE_NO_WARNINGS' : macro redefinition
                 command-line arguments :  see previous definition of '_CRT_SECURE_NO_WARNINGS'
     1>c:\users\maxko\onedrive\documents\svn\hw3\hw3\bitmap.cpp(109): warning C4018: '>' : signed/unsigned mismatch
     1>c:\users\maxko\onedrive\documents\svn\hw3\hw3\bitmap.cpp(117): warning C4018: '<' : signed/unsigned mismatch
     1>c:\users\maxko\onedrive\documents\svn\hw3\hw3\bitmap.cpp(134): warning C4018: '<' : signed/unsigned mismatch
     1>c:\users\maxko\onedrive\documents\svn\hw3\hw3\bitmap.cpp(137): warning C4018: '<' : signed/unsigned mismatch
     1>c:\users\maxko\onedrive\documents\svn\hw3\hw3\bitmap.cpp(148): warning C4018: '<' : signed/unsigned mismatch
     1>c:\users\maxko\onedrive\documents\svn\hw3\hw3\bitmap.cpp(150): warning C4018: '<' : signed/unsigned mismatch
       Link:
         C:\Program Files (x86)\Microsoft Visual Studio 12.0\VC\bin\link.exe /ERRORREPORT:PROMPT /OUT:"C:\Users\maxko\OneDrive\Documents\SVN\HW3\Debug\HW3.exe" /INCREMENTAL /NOLOGO kernel32.lib user32.lib gdi32.lib winspool.lib comdlg32.lib advapi32.lib shell32.lib ole32.lib oleaut32.lib uuid.lib odbc32.lib odbccp32.lib /MANIFEST /MANIFESTUAC:"level='asInvoker' uiAccess='false'" /manifest:embed /DEBUG /PDB:"C:\Users\maxko\OneDrive\Documents\SVN\HW3\Debug\HW3.pdb" /SUBSYSTEM:CONSOLE /TLBID:1 /DYNAMICBASE /NXCOMPAT /IMPLIB:"C:\Users\maxko\OneDrive\Documents\SVN\HW3\Debug\HW3.lib" /MACHINE:X86 Debug\BitMap.obj
         Debug\main.obj
         HW3.vcxproj -> C:\Users\maxko\OneDrive\Documents\SVN\HW3\Debug\HW3.exe
     1>Done Building Project "C:\Users\maxko\OneDrive\Documents\SVN\HW3\HW3\HW3.vcxproj" (Build target(s)).

Build succeeded.

Time Elapsed 00:00:01.50
